SF:lib/widgets/message_bubble_widget.dart
DA:29,2
DA:34,2
DA:36,2
DA:38,2
DA:41,2
DA:42,2
DA:43,2
DA:44,2
DA:47,2
DA:48,2
DA:60,2
DA:61,2
DA:64,2
DA:65,2
DA:66,2
LF:15
LH:15
end_of_record
SF:lib/screens/help_screen.dart
DA:7,3
DA:13,1
DA:14,1
DA:22,1
DA:24,1
DA:25,1
DA:29,1
DA:30,1
DA:31,1
DA:32,1
DA:33,1
DA:36,2
DA:39,1
DA:48,1
DA:50,1
DA:51,1
DA:52,2
DA:53,1
DA:55,1
DA:56,1
DA:57,1
DA:59,1
DA:60,1
DA:61,1
DA:65,1
DA:66,2
DA:67,3
DA:68,2
DA:70,3
DA:71,2
DA:74,1
LF:31
LH:31
end_of_record
SF:lib/utilities/help_bot_manager.dart
DA:15,1
DA:16,1
DA:17,2
DA:18,2
DA:23,1
DA:24,1
DA:25,2
DA:26,2
DA:31,1
DA:32,2
DA:33,2
DA:34,1
DA:40,1
DA:41,2
DA:42,2
DA:43,1
LF:16
LH:16
end_of_record
SF:lib/models/message.dart
DA:6,1
LF:1
LH:1
end_of_record
SF:lib/styles/styling.dart
DA:29,0
DA:30,0
DA:31,0
DA:32,0
DA:33,0
DA:49,0
DA:50,0
DA:51,0
DA:59,0
DA:60,0
DA:61,0
DA:62,0
DA:63,0
DA:64,0
DA:65,0
DA:73,0
DA:75,0
LF:17
LH:0
end_of_record
SF:lib/providers/location_service.dart
DA:15,0
DA:18,0
DA:20,0
DA:21,0
DA:22,0
DA:23,0
DA:24,0
DA:25,0
DA:29,0
DA:33,0
DA:34,0
DA:35,0
DA:36,0
DA:37,0
DA:38,0
DA:39,0
DA:40,0
DA:41,0
DA:46,0
DA:47,0
DA:51,0
DA:52,0
DA:53,0
DA:57,0
DA:58,0
DA:59,0
DA:62,0
DA:63,0
DA:64,0
DA:70,1
DA:71,1
DA:72,1
DA:76,2
DA:77,3
DA:78,2
DA:81,4
DA:82,1
DA:83,1
DA:93,0
DA:94,0
DA:95,0
DA:96,0
DA:100,0
DA:101,0
DA:102,0
DA:113,0
DA:114,0
DA:115,0
DA:116,0
DA:119,0
DA:120,0
DA:121,0
DA:122,0
DA:123,0
DA:132,0
DA:133,0
DA:134,0
DA:135,0
DA:136,0
DA:137,0
DA:138,0
DA:142,0
DA:143,0
DA:144,0
LF:64
LH:9
end_of_record
SF:lib/models/docking_station.dart
DA:18,1
DA:29,0
DA:30,2
DA:31,0
DA:32,2
DA:33,2
DA:34,2
DA:35,0
DA:36,2
DA:37,2
DA:38,0
DA:40,0
DA:41,0
DA:42,0
DA:43,0
DA:44,0
DA:45,0
DA:49,0
LF:18
LH:7
end_of_record
SF:lib/providers/docking_station_manager.dart
DA:14,0
DA:15,0
DA:16,0
DA:17,0
DA:18,0
DA:20,0
DA:21,0
DA:22,0
DA:23,0
DA:24,0
DA:25,0
DA:26,0
DA:27,0
DA:28,0
DA:29,0
DA:31,0
DA:32,0
DA:34,0
DA:39,1
DA:40,1
DA:41,2
DA:42,1
DA:43,1
DA:50,1
DA:51,1
DA:52,2
DA:53,2
DA:54,1
DA:61,1
DA:62,1
DA:63,2
DA:64,2
DA:65,1
DA:75,0
DA:76,0
DA:80,0
DA:81,0
DA:87,1
DA:88,1
DA:89,4
DA:95,1
DA:98,2
DA:99,2
DA:101,3
DA:102,3
DA:104,6
DA:105,9
DA:106,5
DA:108,1
DA:114,1
DA:115,1
DA:121,0
DA:122,0
DA:123,0
DA:124,0
DA:130,1
DA:132,3
DA:133,3
DA:140,1
DA:142,2
DA:143,1
DA:149,1
DA:151,2
DA:152,3
DA:153,2
DA:162,0
DA:164,0
DA:165,0
DA:166,0
DA:175,1
DA:178,1
DA:179,1
DA:180,1
DA:186,1
DA:189,1
DA:190,1
DA:191,1
DA:197,1
DA:200,1
DA:201,1
DA:202,3
DA:203,0
DA:212,1
DA:215,1
DA:216,1
DA:217,3
DA:218,0
DA:227,0
DA:230,0
DA:231,0
DA:232,0
DA:233,0
DA:242,0
DA:245,0
DA:246,0
DA:247,0
DA:248,0
LF:97
LH:55
end_of_record
SF:lib/helpers/navigation_helpers/navigation_helpers.dart
DA:14,1
DA:16,1
DA:17,7
DA:18,4
DA:19,4
DA:20,7
DA:22,3
DA:26,1
DA:27,9
DA:32,1
DA:33,2
DA:34,2
DA:35,2
DA:36,2
DA:37,3
DA:38,1
DA:39,3
DA:40,3
DA:41,3
DA:42,2
DA:44,1
DA:45,2
DA:49,1
DA:50,1
DA:51,3
DA:55,1
DA:56,1
DA:59,4
DA:60,3
DA:61,1
DA:62,1
DA:64,1
DA:67,0
LF:33
LH:32
end_of_record
