SF:lib/main.dart
DA:5,0
DA:6,0
DA:8,0
LF:3
LH:0
end_of_record
SF:lib/screens/login_screen.dart
DA:4,1
DA:6,1
DA:7,1
DA:10,1
DA:11,1
DA:12,0
DA:13,0
LF:7
LH:5
end_of_record
SF:lib/navbar.dart
DA:10,0
DA:13,0
DA:14,0
DA:19,0
DA:20,0
DA:33,0
DA:35,0
DA:37,0
DA:38,0
DA:39,0
DA:41,0
DA:42,0
DA:44,0
DA:47,0
DA:48,0
DA:49,0
DA:51,0
DA:62,0
DA:65,0
DA:67,0
DA:72,0
DA:73,0
DA:92,0
DA:93,0
DA:94,0
DA:95,0
DA:97,0
LF:27
LH:0
end_of_record
SF:lib/screens/map_screen.dart
DA:9,0
DA:10,0
DA:14,0
DA:16,0
DA:17,0
DA:18,0
DA:19,0
DA:20,0
DA:21,0
DA:22,0
DA:23,0
DA:24,0
DA:27,0
DA:28,0
DA:31,0
DA:36,0
DA:37,0
DA:38,0
DA:39,0
DA:40,0
DA:41,0
DA:42,0
DA:45,0
DA:46,0
LF:24
LH:0
end_of_record
SF:lib/screens/profile_screen.dart
DA:4,0
DA:6,0
DA:7,0
DA:10,0
DA:11,0
LF:5
LH:0
end_of_record
SF:lib/widget/navigation_drawer_widget.dart
DA:8,0
DA:10,0
DA:11,0
DA:12,0
DA:13,0
DA:15,0
DA:18,0
DA:20,0
DA:23,0
DA:25,0
DA:28,0
DA:30,0
DA:33,0
DA:39,0
DA:42,0
DA:44,0
DA:47,0
DA:55,0
DA:62,0
DA:63,0
DA:64,0
DA:69,0
DA:72,0
DA:73,0
DA:74,0
DA:77,0
DA:78,0
DA:79,0
DA:82,0
DA:83,0
DA:84,0
DA:87,0
DA:88,0
DA:89,0
DA:92,0
DA:93,0
DA:94,0
DA:97,0
DA:98,0
DA:99,0
DA:102,0
DA:103,0
DA:104,0
LF:43
LH:0
end_of_record
SF:lib/screens/favourite_screen.dart
DA:4,0
DA:6,0
DA:7,0
DA:10,0
DA:11,0
LF:5
LH:0
end_of_record
SF:lib/screens/schedule_screen.dart
DA:4,0
DA:6,0
DA:7,0
DA:10,0
DA:11,0
LF:5
LH:0
end_of_record
SF:lib/screens/setting_screen.dart
DA:4,0
DA:6,0
DA:7,0
DA:10,0
DA:11,0
LF:5
LH:0
end_of_record
